<?xml version="1.0" encoding="UTF-8" ?>
<testsuite tests="10" failures="0" name="com.bae.tests.PoseMapTest" time="0.038" errors="0" skipped="0">
  <properties>
[...]
</properties>
  <testcase classname="com.bae.tests.PoseMapTest" name="getPoseTest" time="0.027"/>
  <testcase classname="com.bae.tests.PoseMapTest" name="createTwoPosesTest" time="0.004"/>
  <testcase classname="com.bae.tests.PoseMapTest" name="updatePose" time="0.001"/>
  <testcase classname="com.bae.tests.PoseMapTest" name="getAllPosesEmptyTest" time="0.001"/>
  <testcase classname="com.bae.tests.PoseMapTest" name="getPoseEmptyMapTest" time="0.001"/>
  <testcase classname="com.bae.tests.PoseMapTest" name="deleteOnePoseTest" time="0.001"/>
  <testcase classname="com.bae.tests.PoseMapTest" name="deleteAllPosesTest" time="0"/>
  <testcase classname="com.bae.tests.PoseMapTest" name="getAllPoses2PosesTest" time="0.001"/>
  <testcase classname="com.bae.tests.PoseMapTest" name="createPoseTest" time="0.001"/>
  <testcase classname="com.bae.tests.PoseMapTest" name="getAllPoses1PoseTest" time="0.001"/>
</testsuite>